  font_awesome.cpp
  Aimbot.cpp
  ESP.cpp
  imgui.cpp
  imgui_demo.cpp
  imgui_draw.cpp
  imgui_impl_dx11.cpp
  imgui_impl_win32.cpp
  imgui_tables.cpp
  imgui_widgets.cpp
  kiero.cpp
  main.cpp
C:\Program Files\Microsoft Visual Studio\2022\Community\VC\Tools\MSVC\14.38.33130\include\filesystem(12): warning STL4038: The contents of <filesystem> are available only with C++17 or later.
C:\Users\Notepad\Desktop\FiveM-Mod-Menu-Base-main\ImGui DirectX 11\main.cpp(23,29): warning C4244: '=': conversion from 'double' to 'int', possible loss of data
C:\Users\Notepad\Desktop\FiveM-Mod-Menu-Base-main\ImGui DirectX 11\main.cpp(24,29): warning C4244: '=': conversion from 'double' to 'int', possible loss of data
  Generating Code...
  buffer.c
  hde32.c
  hde64.c
  hook.c
  trampoline.c
  Generating Code...
  ImGui DirectX 11.vcxproj -> C:\Users\Notepad\Desktop\FiveM-Mod-Menu-Base-main\x64\Debug\ImGui DirectX 11.dll
